###############################################################################
#                                                                             #
# IAR ANSI C/C++ Compiler V6.40.3.54009/W32 for ARM     18/Feb/2013  16:57:30 #
# Copyright 1999-2012 IAR Systems AB.                                         #
#                                                                             #
#    Cpu mode     =  thumb                                                    #
#    Endian       =  little                                                   #
#    Source file  =  D:\Profiles\B38350\My Documents\App Notes\Kinetis\L      #
#                    Series\CMP pin sampling\Example                          #
#                    Projects\src\common\printf.c                             #
#    Command line =  "D:\Profiles\B38350\My Documents\App Notes\Kinetis\L     #
#                    Series\CMP pin sampling\Example                          #
#                    Projects\src\common\printf.c" -D IAR -D FRDM -D EX2      #
#                    -lCN "D:\Profiles\B38350\My Documents\App                #
#                    Notes\Kinetis\L Series\CMP pin sampling\Example          #
#                    Projects\build\iar\DualChannel_Experiment\FLASH_32KB\Lis #
#                    t\" -lB "D:\Profiles\B38350\My Documents\App             #
#                    Notes\Kinetis\L Series\CMP pin sampling\Example          #
#                    Projects\build\iar\DualChannel_Experiment\FLASH_32KB\Lis #
#                    t\" -o "D:\Profiles\B38350\My Documents\App              #
#                    Notes\Kinetis\L Series\CMP pin sampling\Example          #
#                    Projects\build\iar\DualChannel_Experiment\FLASH_32KB\Obj #
#                    \" --no_cse --no_unroll --no_inline --no_code_motion     #
#                    --no_tbaa --no_clustering --no_scheduling --debug        #
#                    --endian=little --cpu=Cortex-M0+ -e --fpu=None           #
#                    --dlib_config "C:\Program Files\IAR Systems\Embedded     #
#                    Workbench 6.4\arm\INC\c\DLib_Config_Normal.h" -I         #
#                    "D:\Profiles\B38350\My Documents\App Notes\Kinetis\L     #
#                    Series\CMP pin sampling\Example                          #
#                    Projects\build\iar\DualChannel_Experiment\..\..\..\src\p #
#                    rojects\DualChannel_Experiment\" -I                      #
#                    "D:\Profiles\B38350\My Documents\App Notes\Kinetis\L     #
#                    Series\CMP pin sampling\Example                          #
#                    Projects\build\iar\DualChannel_Experiment\..\..\..\src\c #
#                    ommon\" -I "D:\Profiles\B38350\My Documents\App          #
#                    Notes\Kinetis\L Series\CMP pin sampling\Example          #
#                    Projects\build\iar\DualChannel_Experiment\..\..\..\src\c #
#                    pu\" -I "D:\Profiles\B38350\My Documents\App             #
#                    Notes\Kinetis\L Series\CMP pin sampling\Example          #
#                    Projects\build\iar\DualChannel_Experiment\..\..\..\src\c #
#                    pu\headers\" -I "D:\Profiles\B38350\My Documents\App     #
#                    Notes\Kinetis\L Series\CMP pin sampling\Example          #
#                    Projects\build\iar\DualChannel_Experiment\..\..\..\src\d #
#                    rivers\llwu\" -I "D:\Profiles\B38350\My Documents\App    #
#                    Notes\Kinetis\L Series\CMP pin sampling\Example          #
#                    Projects\build\iar\DualChannel_Experiment\..\..\..\src\d #
#                    rivers\adc\" -I "D:\Profiles\B38350\My Documents\App     #
#                    Notes\Kinetis\L Series\CMP pin sampling\Example          #
#                    Projects\build\iar\DualChannel_Experiment\..\..\..\src\d #
#                    rivers\lptmr\" -I "D:\Profiles\B38350\My Documents\App   #
#                    Notes\Kinetis\L Series\CMP pin sampling\Example          #
#                    Projects\build\iar\DualChannel_Experiment\..\..\..\src\d #
#                    rivers\mcg\" -I "D:\Profiles\B38350\My Documents\App     #
#                    Notes\Kinetis\L Series\CMP pin sampling\Example          #
#                    Projects\build\iar\DualChannel_Experiment\..\..\..\src\d #
#                    rivers\pmc\" -I "D:\Profiles\B38350\My Documents\App     #
#                    Notes\Kinetis\L Series\CMP pin sampling\Example          #
#                    Projects\build\iar\DualChannel_Experiment\..\..\..\src\d #
#                    rivers\rcm\" -I "D:\Profiles\B38350\My Documents\App     #
#                    Notes\Kinetis\L Series\CMP pin sampling\Example          #
#                    Projects\build\iar\DualChannel_Experiment\..\..\..\src\d #
#                    rivers\rtc\" -I "D:\Profiles\B38350\My Documents\App     #
#                    Notes\Kinetis\L Series\CMP pin sampling\Example          #
#                    Projects\build\iar\DualChannel_Experiment\..\..\..\src\d #
#                    rivers\smc\" -I "D:\Profiles\B38350\My Documents\App     #
#                    Notes\Kinetis\L Series\CMP pin sampling\Example          #
#                    Projects\build\iar\DualChannel_Experiment\..\..\..\src\d #
#                    rivers\uart\" -I "D:\Profiles\B38350\My Documents\App    #
#                    Notes\Kinetis\L Series\CMP pin sampling\Example          #
#                    Projects\build\iar\DualChannel_Experiment\..\..\..\src\d #
#                    rivers\wdog\" -I "D:\Profiles\B38350\My Documents\App    #
#                    Notes\Kinetis\L Series\CMP pin sampling\Example          #
#                    Projects\build\iar\DualChannel_Experiment\..\..\..\src\d #
#                    rivers\uart\" -I "D:\Profiles\B38350\My Documents\App    #
#                    Notes\Kinetis\L Series\CMP pin sampling\Example          #
#                    Projects\build\iar\DualChannel_Experiment\..\..\..\src\p #
#                    latforms\" -I "D:\Profiles\B38350\My Documents\App       #
#                    Notes\Kinetis\L Series\CMP pin sampling\Example          #
#                    Projects\build\iar\DualChannel_Experiment\..\" -Ol       #
#                    --use_c++_inline                                         #
#    List file    =  D:\Profiles\B38350\My Documents\App Notes\Kinetis\L      #
#                    Series\CMP pin sampling\Example                          #
#                    Projects\build\iar\DualChannel_Experiment\FLASH_32KB\Lis #
#                    t\printf.lst                                             #
#    Object file  =  D:\Profiles\B38350\My Documents\App Notes\Kinetis\L      #
#                    Series\CMP pin sampling\Example                          #
#                    Projects\build\iar\DualChannel_Experiment\FLASH_32KB\Obj #
#                    \printf.o                                                #
#                                                                             #
#                                                                             #
###############################################################################

D:\Profiles\B38350\My Documents\App Notes\Kinetis\L Series\CMP pin sampling\Example Projects\src\common\printf.c
      1          /*
      2           * File:        printk.c
      3           * Purpose:     The standard C library routine printf(), but without
      4           *              all the baggage.
      5           */
      6          
      7          #include "common.h"
      8          #include <stdarg.h>
      9          
     10          /********************************************************************/
     11          
     12          typedef struct
     13          {
     14              int dest;
     15              void (*func)(char);
     16              char *loc;
     17          } PRINTK_INFO;
     18          
     19          int 
     20          printk (PRINTK_INFO *, const char *, va_list);
     21          
     22          /********************************************************************/
     23          
     24          #define DEST_CONSOLE    (1)
     25          #define DEST_STRING     (2)
     26          
     27          #define FLAGS_MINUS     (0x01)
     28          #define FLAGS_PLUS      (0x02)
     29          #define FLAGS_SPACE     (0x04)
     30          #define FLAGS_ZERO      (0x08)
     31          #define FLAGS_POUND     (0x10)
     32          
     33          #define IS_FLAG_MINUS(a)    (a & FLAGS_MINUS)
     34          #define IS_FLAG_PLUS(a)     (a & FLAGS_PLUS)
     35          #define IS_FLAG_SPACE(a)    (a & FLAGS_SPACE)
     36          #define IS_FLAG_ZERO(a)     (a & FLAGS_ZERO)
     37          #define IS_FLAG_POUND(a)    (a & FLAGS_POUND)
     38          
     39          #define LENMOD_h        (0x01)
     40          #define LENMOD_l        (0x02)
     41          #define LENMOD_L        (0x04)
     42          
     43          #define IS_LENMOD_h(a)  (a & LENMOD_h)
     44          #define IS_LENMOD_l(a)  (a & LENMOD_l)
     45          #define IS_LENMOD_L(a)  (a & LENMOD_L)
     46          
     47          #define FMT_d   (0x0001)
     48          #define FMT_o   (0x0002)
     49          #define FMT_x   (0x0004)
     50          #define FMT_X   (0x0008)
     51          #define FMT_u   (0x0010)
     52          #define FMT_c   (0x0020)
     53          #define FMT_s   (0x0040)
     54          #define FMT_p   (0x0080)
     55          #define FMT_n   (0x0100)
     56          
     57          #define IS_FMT_d(a)     (a & FMT_d)
     58          #define IS_FMT_o(a)     (a & FMT_o)
     59          #define IS_FMT_x(a)     (a & FMT_x)
     60          #define IS_FMT_X(a)     (a & FMT_X)
     61          #define IS_FMT_u(a)     (a & FMT_u)
     62          #define IS_FMT_c(a)     (a & FMT_c)
     63          #define IS_FMT_s(a)     (a & FMT_s)
     64          #define IS_FMT_p(a)     (a & FMT_p)
     65          #define IS_FMT_n(a)     (a & FMT_n)
     66          
     67          /********************************************************************/

   \                                 In section .text, align 2, keep-with-next
     68          static void
     69          printk_putc (int c, int *count, PRINTK_INFO *info)
     70          {
   \                     printk_putc:
   \   00000000   0xB510             PUSH     {R4,LR}
   \   00000002   0x000C             MOVS     R4,R1
     71              switch (info->dest)
   \   00000004   0x6811             LDR      R1,[R2, #+0]
   \   00000006   0x2901             CMP      R1,#+1
   \   00000008   0xD002             BEQ      ??printk_putc_0
   \   0000000A   0x2902             CMP      R1,#+2
   \   0000000C   0xD004             BEQ      ??printk_putc_1
   \   0000000E   0xE009             B        ??printk_putc_2
     72              {
     73                  case DEST_CONSOLE:
     74                      info->func((char)c);
   \                     ??printk_putc_0:
   \   00000010   0xB2C0             UXTB     R0,R0
   \   00000012   0x6851             LDR      R1,[R2, #+4]
   \   00000014   0x4788             BLX      R1
     75                      break;
   \   00000016   0xE005             B        ??printk_putc_3
     76                  case DEST_STRING:
     77                      *(info->loc) = (unsigned char)c;
   \                     ??printk_putc_1:
   \   00000018   0x6891             LDR      R1,[R2, #+8]
   \   0000001A   0x7008             STRB     R0,[R1, #+0]
     78                      ++(info->loc);
   \   0000001C   0x6890             LDR      R0,[R2, #+8]
   \   0000001E   0x1C40             ADDS     R0,R0,#+1
   \   00000020   0x6090             STR      R0,[R2, #+8]
     79                      break;
   \   00000022   0xE7FF             B        ??printk_putc_3
     80                  default:
     81                      break;
     82              }
     83              *count += 1;
   \                     ??printk_putc_2:
   \                     ??printk_putc_3:
   \   00000024   0x6820             LDR      R0,[R4, #+0]
   \   00000026   0x1C40             ADDS     R0,R0,#+1
   \   00000028   0x6020             STR      R0,[R4, #+0]
     84          }
   \   0000002A   0xBD10             POP      {R4,PC}          ;; return
     85          
     86          /********************************************************************/

   \                                 In section .text, align 2, keep-with-next
     87          static int
     88          printk_mknumstr (char *numstr, void *nump, int neg, int radix)
     89          {
   \                     printk_mknumstr:
   \   00000000   0xB5F0             PUSH     {R4-R7,LR}
   \   00000002   0x001C             MOVS     R4,R3
     90              int a,b,c;
     91              unsigned int ua,ub,uc;
     92          
     93              int nlen;
     94              char *nstrp;
     95          
     96              nlen = 0;
   \   00000004   0x2600             MOVS     R6,#+0
     97              nstrp = numstr;
   \   00000006   0x0005             MOVS     R5,R0
     98              *nstrp++ = '\0';
   \   00000008   0x2000             MOVS     R0,#+0
   \   0000000A   0x7028             STRB     R0,[R5, #+0]
   \   0000000C   0x1C6D             ADDS     R5,R5,#+1
     99          
    100              if (neg)
   \   0000000E   0x2A00             CMP      R2,#+0
   \   00000010   0xD01C             BEQ      ??printk_mknumstr_0
    101              {
    102                  a = *(int *)nump;
   \   00000012   0x680F             LDR      R7,[R1, #+0]
    103                  if (a == 0)
   \   00000014   0x2F00             CMP      R7,#+0
   \   00000016   0xD109             BNE      ??printk_mknumstr_1
    104                  {
    105                      *nstrp = '0';
   \   00000018   0x2030             MOVS     R0,#+48
   \   0000001A   0x7028             STRB     R0,[R5, #+0]
    106                      ++nlen;
   \   0000001C   0x1C76             ADDS     R6,R6,#+1
    107                      goto done;
    108                  }
    109                  while (a != 0)
    110                  {
    111                      b = (int)a / (int)radix;
    112                      c = (int)a - ((int)b * (int)radix);
    113                      if (c < 0)
    114                      {
    115                          c = ~c + 1 + '0';
    116                      }
    117                      else
    118                      {
    119                          c = c + '0';
    120                      }
    121                      a = b;
    122                      *nstrp++ = (char)c;
    123                      ++nlen;
    124                  }
    125              }
    126              else
    127              {
    128                  ua = *(unsigned int *)nump;
    129                  if (ua == 0)
    130                  {
    131                      *nstrp = '0';
    132                      ++nlen;
    133                      goto done;
    134                  }
    135                  while (ua != 0)
    136                  {
    137                      ub = (unsigned int)ua / (unsigned int)radix;
    138                      uc = (unsigned int)ua - ((unsigned int)ub * (unsigned int)radix);
    139                      if (uc < 10)
    140                      {
    141                          uc = uc + '0';
    142                      }
    143                      else
    144                      {
    145                          uc = uc - 10 + 'A';
    146                      }
    147                      ua = ub;
    148                      *nstrp++ = (char)uc;
    149                      ++nlen;
    150                  }
    151              }
    152              done:
    153              return nlen;
   \                     ??printk_mknumstr_2:
   \   0000001E   0x0030             MOVS     R0,R6
   \   00000020   0xBDF0             POP      {R4-R7,PC}       ;; return
   \                     ??printk_mknumstr_3:
   \   00000022   0x3230             ADDS     R2,R2,#+48
   \                     ??printk_mknumstr_4:
   \   00000024   0x000F             MOVS     R7,R1
   \   00000026   0x702A             STRB     R2,[R5, #+0]
   \   00000028   0x1C6D             ADDS     R5,R5,#+1
   \   0000002A   0x1C76             ADDS     R6,R6,#+1
   \                     ??printk_mknumstr_1:
   \   0000002C   0x2F00             CMP      R7,#+0
   \   0000002E   0xD0F6             BEQ      ??printk_mknumstr_2
   \   00000030   0x0038             MOVS     R0,R7
   \   00000032   0x0021             MOVS     R1,R4
   \   00000034   0x.... 0x....      BL       __aeabi_idiv
   \   00000038   0x0001             MOVS     R1,R0
   \   0000003A   0x0008             MOVS     R0,R1
   \   0000003C   0x4360             MULS     R0,R4,R0
   \   0000003E   0x1A3A             SUBS     R2,R7,R0
   \   00000040   0x2A00             CMP      R2,#+0
   \   00000042   0xD5EE             BPL      ??printk_mknumstr_3
   \   00000044   0x43D0             MVNS     R0,R2
   \   00000046   0x0002             MOVS     R2,R0
   \   00000048   0x3231             ADDS     R2,R2,#+49
   \   0000004A   0xE7EB             B        ??printk_mknumstr_4
   \                     ??printk_mknumstr_0:
   \   0000004C   0x680F             LDR      R7,[R1, #+0]
   \   0000004E   0x2F00             CMP      R7,#+0
   \   00000050   0xD108             BNE      ??printk_mknumstr_5
   \   00000052   0x2030             MOVS     R0,#+48
   \   00000054   0x7028             STRB     R0,[R5, #+0]
   \   00000056   0x1C76             ADDS     R6,R6,#+1
   \   00000058   0xE7E1             B        ??printk_mknumstr_2
   \                     ??printk_mknumstr_6:
   \   0000005A   0x3137             ADDS     R1,R1,#+55
   \                     ??printk_mknumstr_7:
   \   0000005C   0x0007             MOVS     R7,R0
   \   0000005E   0x7029             STRB     R1,[R5, #+0]
   \   00000060   0x1C6D             ADDS     R5,R5,#+1
   \   00000062   0x1C76             ADDS     R6,R6,#+1
   \                     ??printk_mknumstr_5:
   \   00000064   0x2F00             CMP      R7,#+0
   \   00000066   0xD0DA             BEQ      ??printk_mknumstr_2
   \   00000068   0x0038             MOVS     R0,R7
   \   0000006A   0x0021             MOVS     R1,R4
   \   0000006C   0x.... 0x....      BL       __aeabi_uidiv
   \   00000070   0x0001             MOVS     R1,R0
   \   00000072   0x4361             MULS     R1,R4,R1
   \   00000074   0x1A79             SUBS     R1,R7,R1
   \   00000076   0x290A             CMP      R1,#+10
   \   00000078   0xD2EF             BCS      ??printk_mknumstr_6
   \   0000007A   0x3130             ADDS     R1,R1,#+48
   \   0000007C   0xE7EE             B        ??printk_mknumstr_7
    154          }
    155          
    156          /********************************************************************/

   \                                 In section .text, align 2, keep-with-next
    157          static void
    158          printk_pad_zero (int curlen, int field_width, int *count, PRINTK_INFO *info)
    159          {
   \                     printk_pad_zero:
   \   00000000   0xB5F8             PUSH     {R3-R7,LR}
   \   00000002   0x000F             MOVS     R7,R1
   \   00000004   0x0015             MOVS     R5,R2
   \   00000006   0x001E             MOVS     R6,R3
    160              int i;
    161          
    162              for (i = curlen; i < field_width; i++)
   \   00000008   0x0004             MOVS     R4,R0
   \   0000000A   0xE005             B        ??printk_pad_zero_0
    163              {
    164                  printk_putc('0',count, info);
   \                     ??printk_pad_zero_1:
   \   0000000C   0x0032             MOVS     R2,R6
   \   0000000E   0x0029             MOVS     R1,R5
   \   00000010   0x2030             MOVS     R0,#+48
   \   00000012   0x.... 0x....      BL       printk_putc
    165              }
   \   00000016   0x1C64             ADDS     R4,R4,#+1
   \                     ??printk_pad_zero_0:
   \   00000018   0x42BC             CMP      R4,R7
   \   0000001A   0xDBF7             BLT      ??printk_pad_zero_1
    166          }
   \   0000001C   0xBDF1             POP      {R0,R4-R7,PC}    ;; return
    167          
    168          /********************************************************************/

   \                                 In section .text, align 2, keep-with-next
    169          static void
    170          printk_pad_space (int curlen, int field_width, int *count, PRINTK_INFO *info)
    171          {
   \                     printk_pad_space:
   \   00000000   0xB5F8             PUSH     {R3-R7,LR}
   \   00000002   0x000F             MOVS     R7,R1
   \   00000004   0x0015             MOVS     R5,R2
   \   00000006   0x001E             MOVS     R6,R3
    172              int i;
    173          
    174              for (i = curlen; i < field_width; i++)
   \   00000008   0x0004             MOVS     R4,R0
   \   0000000A   0xE005             B        ??printk_pad_space_0
    175              {
    176                  printk_putc(' ',count, info);
   \                     ??printk_pad_space_1:
   \   0000000C   0x0032             MOVS     R2,R6
   \   0000000E   0x0029             MOVS     R1,R5
   \   00000010   0x2020             MOVS     R0,#+32
   \   00000012   0x.... 0x....      BL       printk_putc
    177              }
   \   00000016   0x1C64             ADDS     R4,R4,#+1
   \                     ??printk_pad_space_0:
   \   00000018   0x42BC             CMP      R4,R7
   \   0000001A   0xDBF7             BLT      ??printk_pad_space_1
    178          }
   \   0000001C   0xBDF1             POP      {R0,R4-R7,PC}    ;; return
    179          
    180          /********************************************************************/

   \                                 In section .text, align 2, keep-with-next
    181          int
    182          printk (PRINTK_INFO *info, const char *fmt, va_list ap)
    183          {
   \                     printk:
   \   00000000   0xB5F1             PUSH     {R0,R4-R7,LR}
   \   00000002   0xB090             SUB      SP,SP,#+64
   \   00000004   0x0017             MOVS     R7,R2
    184              /* va_list ap; */
    185              char *p;
    186              int c;
    187          
    188              char vstr[33];
    189              char *vstrp;
    190              int vlen;
    191          
    192              int done;
    193              int count = 0;
   \   00000006   0x2000             MOVS     R0,#+0
   \   00000008   0x9000             STR      R0,[SP, #+0]
    194          
    195              int flags_used;
    196              int field_width;
    197          #if 0
    198              int precision_used;
    199              int precision_width;
    200              int length_modifier;
    201          #endif
    202          
    203              int ival;
    204              int schar, dschar;
    205              int *ivalp;
    206              char *sval;
    207              int cval;
    208              unsigned int uval;
    209          
    210              /*
    211               * Start parsing apart the format string and display appropriate
    212               * formats and data.
    213               */
    214              for (p = (char *)fmt; (c = *p) != 0; p++)
   \   0000000A   0x000E             MOVS     R6,R1
   \   0000000C   0xE005             B        ??printk_0
    215              {
    216                  /*
    217                   * All formats begin with a '%' marker.  Special chars like
    218                   * '\n' or '\t' are normally converted to the appropriate
    219                   * character by the __compiler__.  Thus, no need for this
    220                   * routine to account for the '\' character.
    221                   */
    222                  if (c != '%')
    223                  {
    224                      /*
    225                       * This needs to be replaced with something like
    226                       * 'out_char()' or call an OS routine.
    227                       */
    228          #ifndef UNIX_DEBUG
    229                      if (c != '\n')
    230                      {
    231                          printk_putc(c, &count, info);
    232                      }
    233                      else
    234                      {
    235                          printk_putc(0x0D /* CR */, &count, info);
    236                          printk_putc(0x0A /* LF */, &count, info);
    237                      }
    238          #else
    239                      printk_putc(c, &count, info);
    240          #endif
    241          
    242                      /*
    243                       * By using 'continue', the next iteration of the loop
    244                       * is used, skipping the code that follows.
    245                       */
    246                      continue;
    247                  }
    248          
    249                  /*
    250                   * First check for specification modifier flags.
    251                   */
    252                  flags_used = 0;
    253                  done = FALSE;
    254                  while (!done)
    255                  {
    256                      switch (/* c = */ *++p)
    257                      {
    258                          case '-':
    259                              flags_used |= FLAGS_MINUS;
    260                              break;
    261                          case '+':
    262                              flags_used |= FLAGS_PLUS;
    263                              break;
    264                          case ' ':
    265                              flags_used |= FLAGS_SPACE;
    266                              break;
    267                          case '0':
    268                              flags_used |= FLAGS_ZERO;
    269                              break;
    270                          case '#':
    271                              flags_used |= FLAGS_POUND;
    272                              break;
    273                          default:
    274                              /* we've gone one char too far */
    275                              --p;
    276                              done = TRUE;
    277                              break;
    278                      }
    279                  }
    280          
    281                  /*
    282                   * Next check for minimum field width.
    283                   */
    284                  field_width = 0;
    285                  done = FALSE;
    286                  while (!done)
    287                  {
    288                      switch (c = *++p)
    289                      {
    290                          case '0':
    291                          case '1':
    292                          case '2':
    293                          case '3':
    294                          case '4':
    295                          case '5':
    296                          case '6':
    297                          case '7':
    298                          case '8':
    299                          case '9':
    300                              field_width = (field_width * 10) + (c - '0');
    301                              break;
    302                          default:
    303                              /* we've gone one char too far */
    304                              --p;
    305                              done = TRUE;
    306                              break;
    307                      }
    308                  }
    309          
    310                  /*
    311                   * Next check for the width and precision field separator.
    312                   */
    313                  if (/* (c = *++p) */ *++p == '.')
    314                  {
    315                      /* precision_used = TRUE; */
    316          
    317                      /*
    318                       * Must get precision field width, if present.
    319                       */
    320                      /* precision_width = 0; */
    321                      done = FALSE;
    322                      while (!done)
    323                      {
    324                          switch (/* c = uncomment if used below */ *++p)
    325                          {
    326                              case '0':
    327                              case '1':
    328                              case '2':
    329                              case '3':
    330                              case '4':
    331                              case '5':
    332                              case '6':
    333                              case '7':
    334                              case '8':
    335                              case '9':
    336          #if 0
    337                                  precision_width = (precision_width * 10) +
    338                                      (c - '0');
    339          #endif
    340                                  break;
    341                              default:
    342                                  /* we've gone one char too far */
    343                                  --p;
    344                                  done = TRUE;
    345                                  break;
    346                          }
    347                      }
    348                  }
    349                  else
    350                  {
    351                      /* we've gone one char too far */
    352                      --p;
    353          #if 0
    354                      precision_used = FALSE;
    355                      precision_width = 0;
    356          #endif
    357                  }
    358          
    359                  /*
    360                   * Check for the length modifier.
    361                   */
    362                  /* length_modifier = 0; */
    363                  switch (/* c = */ *++p)
    364                  {
    365                      case 'h':
    366                          /* length_modifier |= LENMOD_h; */
    367                          break;
    368                      case 'l':
    369                          /* length_modifier |= LENMOD_l; */
    370                          break;
    371                      case 'L':
    372                          /* length_modifier |= LENMOD_L; */
    373                          break;
    374                      default:
    375                          /* we've gone one char too far */
    376                          --p;
    377                          break;
    378                  }
    379          
    380                  /*
    381                   * Now we're ready to examine the format.
    382                   */
    383                  switch (c = *++p)
    384                  {
    385                      case 'd':
    386                      case 'i':
    387                          ival = (int)va_arg(ap, int);
    388                          vlen = printk_mknumstr(vstr,&ival,TRUE,10);
    389                          vstrp = &vstr[vlen];
    390          
    391                          if (ival < 0)
    392                          {
    393                              schar = '-';
    394                              ++vlen;
    395                          }
    396                          else
    397                          {
    398                              if (IS_FLAG_PLUS(flags_used))
    399                              {
    400                                  schar = '+';
    401                                  ++vlen;
    402                              }
    403                              else
    404                              {
    405                                  if (IS_FLAG_SPACE(flags_used))
    406                                  {
    407                                      schar = ' ';
    408                                      ++vlen;
    409                                  }
    410                                  else
    411                                  {
    412                                      schar = 0;
    413                                  }
    414                              }
    415                          }
    416                          dschar = FALSE;
    417                      
    418                          /*
    419                           * do the ZERO pad.
    420                           */
    421                          if (IS_FLAG_ZERO(flags_used))
    422                          {
    423                              if (schar)
    424                                  printk_putc(schar, &count, info);
    425                              dschar = TRUE;
    426                      
    427                              printk_pad_zero (vlen, field_width, &count, info);
    428                              vlen = field_width;
    429                          }
    430                          else
    431                          {
    432                              if (!IS_FLAG_MINUS(flags_used))
    433                              {
    434                                  printk_pad_space (vlen, field_width, &count, info);
    435                      
    436                                  if (schar)
    437                                      printk_putc(schar, &count, info);
    438                                  dschar = TRUE;
    439                              }
    440                          }
    441                      
    442                          /* the string was built in reverse order, now display in */
    443                          /* correct order */
    444                          if (!dschar && schar)
    445                          {
    446                              printk_putc(schar, &count, info);
    447                          }
    448                          goto cont_xd;
    449          
    450                      case 'x':
    451                      case 'X':
    452                          uval = (unsigned int)va_arg(ap, unsigned int);
    453                          vlen = printk_mknumstr(vstr,&uval,FALSE,16);
    454                          vstrp = &vstr[vlen];
    455          
    456                          dschar = FALSE;
    457                          if (IS_FLAG_ZERO(flags_used))
    458                          {
    459                              if (IS_FLAG_POUND(flags_used))
    460                              {
    461                                  printk_putc('0', &count, info);
    462                                  printk_putc('x', &count, info);
    463                                  /*vlen += 2;*/
    464                                  dschar = TRUE;
    465                              }
    466                              printk_pad_zero (vlen, field_width, &count, info);
    467                              vlen = field_width;
    468                          }
    469                          else
    470                          {
    471                              if (!IS_FLAG_MINUS(flags_used))
    472                              {
    473                                  if (IS_FLAG_POUND(flags_used))
    474                                  {
    475                                      vlen += 2;
    476                                  }
    477                                  printk_pad_space (vlen, field_width, &count, info);
    478                                  if (IS_FLAG_POUND(flags_used))
    479                                  {
    480                                      printk_putc('0', &count, info);
    481                                      printk_putc('x', &count, info);
    482                                      dschar = TRUE;
    483                                  }
    484                              }
    485                          }
    486          
    487                          if ((IS_FLAG_POUND(flags_used)) && !dschar)
    488                          {
    489                              printk_putc('0', &count, info);
    490                              printk_putc('x', &count, info);
    491                              vlen += 2;
    492                          }
    493                          goto cont_xd;
    494          
    495                      case 'o':
    496                          uval = (unsigned int)va_arg(ap, unsigned int);
    497                          vlen = printk_mknumstr(vstr,&uval,FALSE,8);
    498                          goto cont_u;
    499                      case 'b':
    500                          uval = (unsigned int)va_arg(ap, unsigned int);
    501                          vlen = printk_mknumstr(vstr,&uval,FALSE,2);
    502                          goto cont_u;
    503                      case 'p':
    504                          uval = (unsigned int)va_arg(ap, void *);
    505                          vlen = printk_mknumstr(vstr,&uval,FALSE,16);
    506                          goto cont_u;
    507                      case 'u':
    508                          uval = (unsigned int)va_arg(ap, unsigned int);
    509                          vlen = printk_mknumstr(vstr,&uval,FALSE,10);
    510          
    511                          cont_u:
    512                              vstrp = &vstr[vlen];
    513          
    514                              if (IS_FLAG_ZERO(flags_used))
    515                              {
    516                                  printk_pad_zero (vlen, field_width, &count, info);
    517                                  vlen = field_width;
    518                              }
    519                              else
    520                              {
    521                                  if (!IS_FLAG_MINUS(flags_used))
    522                                  {
    523                                      printk_pad_space (vlen, field_width, &count, info);
    524                                  }
    525                              }
    526          
    527                          cont_xd:
    528                              while (*vstrp)
    529                                  printk_putc(*vstrp--, &count, info);
    530          
    531                              if (IS_FLAG_MINUS(flags_used))
    532                              {
    533                                  printk_pad_space (vlen, field_width, &count, info);
    534                              }
    535                          break;
    536          
    537                      case 'c':
    538                          cval = (char)va_arg(ap, unsigned int);
    539                          printk_putc(cval,&count, info);
    540                          break;
    541                      case 's':
    542                          sval = (char *)va_arg(ap, char *);
    543                          if (sval)
    544                          {
    545                              vlen = strlen(sval);
    546                              if (!IS_FLAG_MINUS(flags_used))
    547                              {
    548                                  printk_pad_space (vlen, field_width, &count, info);
    549                              }
    550                              while (*sval)
    551                                  printk_putc(*sval++,&count, info);
    552                              if (IS_FLAG_MINUS(flags_used))
    553                              {
    554                                  printk_pad_space (vlen, field_width, &count, info);
    555                              }
    556                          }
    557                          break;
    558                      case 'n':
    559                          ivalp = (int *)va_arg(ap, int *);
    560                          *ivalp = count;
    561                          break;
    562                      default:
    563                          printk_putc(c,&count, info);
   \                     ??printk_1:
   \   0000000E   0x9A10             LDR      R2,[SP, #+64]
   \   00000010   0x4669             MOV      R1,SP
   \   00000012   0x0018             MOVS     R0,R3
   \   00000014   0x.... 0x....      BL       printk_putc
    564                          break;
   \                     ??printk_2:
   \   00000018   0x1C76             ADDS     R6,R6,#+1
   \                     ??printk_0:
   \   0000001A   0x7833             LDRB     R3,[R6, #+0]
   \   0000001C   0x2B00             CMP      R3,#+0
   \   0000001E   0xD100             BNE      .+4
   \   00000020   0xE1C4             B        ??printk_3
   \   00000022   0x2B25             CMP      R3,#+37
   \   00000024   0xD012             BEQ      ??printk_4
   \   00000026   0x2B0A             CMP      R3,#+10
   \   00000028   0xD005             BEQ      ??printk_5
   \   0000002A   0x9A10             LDR      R2,[SP, #+64]
   \   0000002C   0x4669             MOV      R1,SP
   \   0000002E   0x0018             MOVS     R0,R3
   \   00000030   0x.... 0x....      BL       printk_putc
   \   00000034   0xE009             B        ??printk_6
   \                     ??printk_5:
   \   00000036   0x9A10             LDR      R2,[SP, #+64]
   \   00000038   0x4669             MOV      R1,SP
   \   0000003A   0x200D             MOVS     R0,#+13
   \   0000003C   0x.... 0x....      BL       printk_putc
   \   00000040   0x9A10             LDR      R2,[SP, #+64]
   \   00000042   0x4669             MOV      R1,SP
   \   00000044   0x200A             MOVS     R0,#+10
   \   00000046   0x.... 0x....      BL       printk_putc
   \                     ??printk_6:
   \   0000004A   0xE7E5             B        ??printk_2
   \                     ??printk_4:
   \   0000004C   0x2500             MOVS     R5,#+0
   \   0000004E   0x2100             MOVS     R1,#+0
   \   00000050   0xE002             B        ??printk_7
   \                     ??printk_8:
   \   00000052   0x0028             MOVS     R0,R5
   \   00000054   0x2501             MOVS     R5,#+1
   \   00000056   0x4305             ORRS     R5,R5,R0
   \                     ??printk_7:
   \   00000058   0x2900             CMP      R1,#+0
   \   0000005A   0xD11F             BNE      ??printk_9
   \   0000005C   0x1C76             ADDS     R6,R6,#+1
   \   0000005E   0x7830             LDRB     R0,[R6, #+0]
   \   00000060   0x2820             CMP      R0,#+32
   \   00000062   0xD00C             BEQ      ??printk_10
   \   00000064   0x2823             CMP      R0,#+35
   \   00000066   0xD012             BEQ      ??printk_11
   \   00000068   0x282B             CMP      R0,#+43
   \   0000006A   0xD004             BEQ      ??printk_12
   \   0000006C   0x282D             CMP      R0,#+45
   \   0000006E   0xD0F0             BEQ      ??printk_8
   \   00000070   0x2830             CMP      R0,#+48
   \   00000072   0xD008             BEQ      ??printk_13
   \   00000074   0xE00F             B        ??printk_14
   \                     ??printk_12:
   \   00000076   0x0028             MOVS     R0,R5
   \   00000078   0x2502             MOVS     R5,#+2
   \   0000007A   0x4305             ORRS     R5,R5,R0
   \   0000007C   0xE7EC             B        ??printk_7
   \                     ??printk_10:
   \   0000007E   0x0028             MOVS     R0,R5
   \   00000080   0x2504             MOVS     R5,#+4
   \   00000082   0x4305             ORRS     R5,R5,R0
   \   00000084   0xE7E8             B        ??printk_7
   \                     ??printk_13:
   \   00000086   0x0028             MOVS     R0,R5
   \   00000088   0x2508             MOVS     R5,#+8
   \   0000008A   0x4305             ORRS     R5,R5,R0
   \   0000008C   0xE7E4             B        ??printk_7
   \                     ??printk_11:
   \   0000008E   0x0028             MOVS     R0,R5
   \   00000090   0x2510             MOVS     R5,#+16
   \   00000092   0x4305             ORRS     R5,R5,R0
   \   00000094   0xE7E0             B        ??printk_7
   \                     ??printk_14:
   \   00000096   0x1E76             SUBS     R6,R6,#+1
   \   00000098   0x2101             MOVS     R1,#+1
   \   0000009A   0xE7DD             B        ??printk_7
   \                     ??printk_9:
   \   0000009C   0x2000             MOVS     R0,#+0
   \   0000009E   0x9002             STR      R0,[SP, #+8]
   \   000000A0   0x2100             MOVS     R1,#+0
   \   000000A2   0xE005             B        ??printk_15
   \                     ??printk_16:
   \   000000A4   0x9802             LDR      R0,[SP, #+8]
   \   000000A6   0x220A             MOVS     R2,#+10
   \   000000A8   0x4350             MULS     R0,R2,R0
   \   000000AA   0x18C0             ADDS     R0,R0,R3
   \   000000AC   0x3830             SUBS     R0,R0,#+48
   \   000000AE   0x9002             STR      R0,[SP, #+8]
   \                     ??printk_15:
   \   000000B0   0x2900             CMP      R1,#+0
   \   000000B2   0xD108             BNE      ??printk_17
   \   000000B4   0x1C76             ADDS     R6,R6,#+1
   \   000000B6   0x7833             LDRB     R3,[R6, #+0]
   \   000000B8   0x0018             MOVS     R0,R3
   \   000000BA   0x3830             SUBS     R0,R0,#+48
   \   000000BC   0x2809             CMP      R0,#+9
   \   000000BE   0xD9F1             BLS      ??printk_16
   \                     ??printk_18:
   \   000000C0   0x1E76             SUBS     R6,R6,#+1
   \   000000C2   0x2101             MOVS     R1,#+1
   \   000000C4   0xE7F4             B        ??printk_15
   \                     ??printk_17:
   \   000000C6   0x1C76             ADDS     R6,R6,#+1
   \   000000C8   0x7830             LDRB     R0,[R6, #+0]
   \   000000CA   0x282E             CMP      R0,#+46
   \   000000CC   0xD10B             BNE      ??printk_19
   \   000000CE   0x2100             MOVS     R1,#+0
   \   000000D0   0xE7FF             B        ??printk_20
   \                     ??printk_21:
   \                     ??printk_20:
   \   000000D2   0x2900             CMP      R1,#+0
   \   000000D4   0xD108             BNE      ??printk_22
   \   000000D6   0x1C76             ADDS     R6,R6,#+1
   \   000000D8   0x7830             LDRB     R0,[R6, #+0]
   \   000000DA   0x3830             SUBS     R0,R0,#+48
   \   000000DC   0x2809             CMP      R0,#+9
   \   000000DE   0xD9F8             BLS      ??printk_21
   \                     ??printk_23:
   \   000000E0   0x1E76             SUBS     R6,R6,#+1
   \   000000E2   0x2101             MOVS     R1,#+1
   \   000000E4   0xE7F5             B        ??printk_20
   \                     ??printk_19:
   \   000000E6   0x1E76             SUBS     R6,R6,#+1
   \                     ??printk_22:
   \   000000E8   0x1C76             ADDS     R6,R6,#+1
   \   000000EA   0x7830             LDRB     R0,[R6, #+0]
   \   000000EC   0x284C             CMP      R0,#+76
   \   000000EE   0xD006             BEQ      ??printk_24
   \   000000F0   0x2868             CMP      R0,#+104
   \   000000F2   0xD002             BEQ      ??printk_25
   \   000000F4   0x286C             CMP      R0,#+108
   \   000000F6   0xD001             BEQ      ??printk_26
   \   000000F8   0xE002             B        ??printk_27
   \                     ??printk_25:
   \   000000FA   0xE002             B        ??printk_28
   \                     ??printk_26:
   \   000000FC   0xE001             B        ??printk_28
   \                     ??printk_24:
   \   000000FE   0xE000             B        ??printk_28
   \                     ??printk_27:
   \   00000100   0x1E76             SUBS     R6,R6,#+1
   \                     ??printk_28:
   \   00000102   0x1C76             ADDS     R6,R6,#+1
   \   00000104   0x7833             LDRB     R3,[R6, #+0]
   \   00000106   0x0018             MOVS     R0,R3
   \   00000108   0x2858             CMP      R0,#+88
   \   0000010A   0xD071             BEQ      ??printk_29
   \   0000010C   0x2862             CMP      R0,#+98
   \   0000010E   0xD100             BNE      .+4
   \   00000110   0xE0CA             B        ??printk_30
   \   00000112   0x2863             CMP      R0,#+99
   \   00000114   0xD100             BNE      .+4
   \   00000116   0xE113             B        ??printk_31
   \   00000118   0x2864             CMP      R0,#+100
   \   0000011A   0xD013             BEQ      ??printk_32
   \   0000011C   0x2869             CMP      R0,#+105
   \   0000011E   0xD011             BEQ      ??printk_32
   \   00000120   0x286E             CMP      R0,#+110
   \   00000122   0xD100             BNE      .+4
   \   00000124   0xE13D             B        ??printk_33
   \   00000126   0x286F             CMP      R0,#+111
   \   00000128   0xD100             BNE      .+4
   \   0000012A   0xE0B2             B        ??printk_34
   \   0000012C   0x2870             CMP      R0,#+112
   \   0000012E   0xD100             BNE      .+4
   \   00000130   0xE0C5             B        ??printk_35
   \   00000132   0x2873             CMP      R0,#+115
   \   00000134   0xD100             BNE      .+4
   \   00000136   0xE10B             B        ??printk_36
   \   00000138   0x2875             CMP      R0,#+117
   \   0000013A   0xD100             BNE      .+4
   \   0000013C   0xE0CA             B        ??printk_37
   \   0000013E   0x2878             CMP      R0,#+120
   \   00000140   0xD056             BEQ      ??printk_29
   \   00000142   0xE764             B        ??printk_1
   \                     ??printk_32:
   \   00000144   0x6838             LDR      R0,[R7, #+0]
   \   00000146   0x9006             STR      R0,[SP, #+24]
   \   00000148   0x1D3F             ADDS     R7,R7,#+4
   \   0000014A   0x230A             MOVS     R3,#+10
   \   0000014C   0x2201             MOVS     R2,#+1
   \   0000014E   0xA906             ADD      R1,SP,#+24
   \   00000150   0xA807             ADD      R0,SP,#+28
   \   00000152   0x.... 0x....      BL       printk_mknumstr
   \   00000156   0x0004             MOVS     R4,R0
   \   00000158   0xA807             ADD      R0,SP,#+28
   \   0000015A   0x1900             ADDS     R0,R0,R4
   \   0000015C   0x9005             STR      R0,[SP, #+20]
   \   0000015E   0x9806             LDR      R0,[SP, #+24]
   \   00000160   0x2800             CMP      R0,#+0
   \   00000162   0xD503             BPL      ??printk_38
   \   00000164   0x202D             MOVS     R0,#+45
   \   00000166   0x9001             STR      R0,[SP, #+4]
   \   00000168   0x1C64             ADDS     R4,R4,#+1
   \   0000016A   0xE00D             B        ??printk_39
   \                     ??printk_38:
   \   0000016C   0x07A8             LSLS     R0,R5,#+30
   \   0000016E   0xD503             BPL      ??printk_40
   \   00000170   0x202B             MOVS     R0,#+43
   \   00000172   0x9001             STR      R0,[SP, #+4]
   \   00000174   0x1C64             ADDS     R4,R4,#+1
   \   00000176   0xE007             B        ??printk_39
   \                     ??printk_40:
   \   00000178   0x0768             LSLS     R0,R5,#+29
   \   0000017A   0xD503             BPL      ??printk_41
   \   0000017C   0x2020             MOVS     R0,#+32
   \   0000017E   0x9001             STR      R0,[SP, #+4]
   \   00000180   0x1C64             ADDS     R4,R4,#+1
   \   00000182   0xE001             B        ??printk_39
   \                     ??printk_41:
   \   00000184   0x2000             MOVS     R0,#+0
   \   00000186   0x9001             STR      R0,[SP, #+4]
   \                     ??printk_39:
   \   00000188   0x2000             MOVS     R0,#+0
   \   0000018A   0x9004             STR      R0,[SP, #+16]
   \   0000018C   0x0728             LSLS     R0,R5,#+28
   \   0000018E   0xD511             BPL      ??printk_42
   \   00000190   0x9801             LDR      R0,[SP, #+4]
   \   00000192   0x2800             CMP      R0,#+0
   \   00000194   0xD004             BEQ      ??printk_43
   \   00000196   0x9A10             LDR      R2,[SP, #+64]
   \   00000198   0x4669             MOV      R1,SP
   \   0000019A   0x9801             LDR      R0,[SP, #+4]
   \   0000019C   0x.... 0x....      BL       printk_putc
   \                     ??printk_43:
   \   000001A0   0x2001             MOVS     R0,#+1
   \   000001A2   0x9004             STR      R0,[SP, #+16]
   \   000001A4   0x9B10             LDR      R3,[SP, #+64]
   \   000001A6   0x466A             MOV      R2,SP
   \   000001A8   0x9902             LDR      R1,[SP, #+8]
   \   000001AA   0x0020             MOVS     R0,R4
   \   000001AC   0x.... 0x....      BL       printk_pad_zero
   \   000001B0   0x9C02             LDR      R4,[SP, #+8]
   \   000001B2   0xE011             B        ??printk_44
   \                     ??printk_42:
   \   000001B4   0x07E8             LSLS     R0,R5,#+31
   \   000001B6   0xD40F             BMI      ??printk_44
   \   000001B8   0x9B10             LDR      R3,[SP, #+64]
   \   000001BA   0x466A             MOV      R2,SP
   \   000001BC   0x9902             LDR      R1,[SP, #+8]
   \   000001BE   0x0020             MOVS     R0,R4
   \   000001C0   0x.... 0x....      BL       printk_pad_space
   \   000001C4   0x9801             LDR      R0,[SP, #+4]
   \   000001C6   0x2800             CMP      R0,#+0
   \   000001C8   0xD004             BEQ      ??printk_45
   \   000001CA   0x9A10             LDR      R2,[SP, #+64]
   \   000001CC   0x4669             MOV      R1,SP
   \   000001CE   0x9801             LDR      R0,[SP, #+4]
   \   000001D0   0x.... 0x....      BL       printk_putc
   \                     ??printk_45:
   \   000001D4   0x2001             MOVS     R0,#+1
   \   000001D6   0x9004             STR      R0,[SP, #+16]
   \                     ??printk_44:
   \   000001D8   0x9804             LDR      R0,[SP, #+16]
   \   000001DA   0x2800             CMP      R0,#+0
   \   000001DC   0xD107             BNE      ??printk_46
   \   000001DE   0x9801             LDR      R0,[SP, #+4]
   \   000001E0   0x2800             CMP      R0,#+0
   \   000001E2   0xD004             BEQ      ??printk_46
   \   000001E4   0x9A10             LDR      R2,[SP, #+64]
   \   000001E6   0x4669             MOV      R1,SP
   \   000001E8   0x9801             LDR      R0,[SP, #+4]
   \   000001EA   0x.... 0x....      BL       printk_putc
   \                     ??printk_46:
   \   000001EE   0xE09A             B        ??printk_47
   \                     ??printk_29:
   \   000001F0   0x6838             LDR      R0,[R7, #+0]
   \   000001F2   0x9003             STR      R0,[SP, #+12]
   \   000001F4   0x1D3F             ADDS     R7,R7,#+4
   \   000001F6   0x2310             MOVS     R3,#+16
   \   000001F8   0x2200             MOVS     R2,#+0
   \   000001FA   0xA903             ADD      R1,SP,#+12
   \   000001FC   0xA807             ADD      R0,SP,#+28
   \   000001FE   0x.... 0x....      BL       printk_mknumstr
   \   00000202   0x0004             MOVS     R4,R0
   \   00000204   0xA807             ADD      R0,SP,#+28
   \   00000206   0x1900             ADDS     R0,R0,R4
   \   00000208   0x9005             STR      R0,[SP, #+20]
   \   0000020A   0x2000             MOVS     R0,#+0
   \   0000020C   0x9004             STR      R0,[SP, #+16]
   \   0000020E   0x0728             LSLS     R0,R5,#+28
   \   00000210   0xD515             BPL      ??printk_48
   \   00000212   0x06E8             LSLS     R0,R5,#+27
   \   00000214   0xD50B             BPL      ??printk_49
   \   00000216   0x9A10             LDR      R2,[SP, #+64]
   \   00000218   0x4669             MOV      R1,SP
   \   0000021A   0x2030             MOVS     R0,#+48
   \   0000021C   0x.... 0x....      BL       printk_putc
   \   00000220   0x9A10             LDR      R2,[SP, #+64]
   \   00000222   0x4669             MOV      R1,SP
   \   00000224   0x2078             MOVS     R0,#+120
   \   00000226   0x.... 0x....      BL       printk_putc
   \   0000022A   0x2001             MOVS     R0,#+1
   \   0000022C   0x9004             STR      R0,[SP, #+16]
   \                     ??printk_49:
   \   0000022E   0x9B10             LDR      R3,[SP, #+64]
   \   00000230   0x466A             MOV      R2,SP
   \   00000232   0x9902             LDR      R1,[SP, #+8]
   \   00000234   0x0020             MOVS     R0,R4
   \   00000236   0x.... 0x....      BL       printk_pad_zero
   \   0000023A   0x9C02             LDR      R4,[SP, #+8]
   \   0000023C   0xE018             B        ??printk_50
   \                     ??printk_48:
   \   0000023E   0x07E8             LSLS     R0,R5,#+31
   \   00000240   0xD416             BMI      ??printk_50
   \   00000242   0x06E8             LSLS     R0,R5,#+27
   \   00000244   0xD500             BPL      ??printk_51
   \   00000246   0x1CA4             ADDS     R4,R4,#+2
   \                     ??printk_51:
   \   00000248   0x9B10             LDR      R3,[SP, #+64]
   \   0000024A   0x466A             MOV      R2,SP
   \   0000024C   0x9902             LDR      R1,[SP, #+8]
   \   0000024E   0x0020             MOVS     R0,R4
   \   00000250   0x.... 0x....      BL       printk_pad_space
   \   00000254   0x06E8             LSLS     R0,R5,#+27
   \   00000256   0xD50B             BPL      ??printk_50
   \   00000258   0x9A10             LDR      R2,[SP, #+64]
   \   0000025A   0x4669             MOV      R1,SP
   \   0000025C   0x2030             MOVS     R0,#+48
   \   0000025E   0x.... 0x....      BL       printk_putc
   \   00000262   0x9A10             LDR      R2,[SP, #+64]
   \   00000264   0x4669             MOV      R1,SP
   \   00000266   0x2078             MOVS     R0,#+120
   \   00000268   0x.... 0x....      BL       printk_putc
   \   0000026C   0x2001             MOVS     R0,#+1
   \   0000026E   0x9004             STR      R0,[SP, #+16]
   \                     ??printk_50:
   \   00000270   0x06E8             LSLS     R0,R5,#+27
   \   00000272   0xD50D             BPL      ??printk_52
   \   00000274   0x9804             LDR      R0,[SP, #+16]
   \   00000276   0x2800             CMP      R0,#+0
   \   00000278   0xD10A             BNE      ??printk_52
   \   0000027A   0x9A10             LDR      R2,[SP, #+64]
   \   0000027C   0x4669             MOV      R1,SP
   \   0000027E   0x2030             MOVS     R0,#+48
   \   00000280   0x.... 0x....      BL       printk_putc
   \   00000284   0x9A10             LDR      R2,[SP, #+64]
   \   00000286   0x4669             MOV      R1,SP
   \   00000288   0x2078             MOVS     R0,#+120
   \   0000028A   0x.... 0x....      BL       printk_putc
   \   0000028E   0x1CA4             ADDS     R4,R4,#+2
   \                     ??printk_52:
   \   00000290   0xE049             B        ??printk_47
   \                     ??printk_34:
   \   00000292   0x6838             LDR      R0,[R7, #+0]
   \   00000294   0x9003             STR      R0,[SP, #+12]
   \   00000296   0x1D3F             ADDS     R7,R7,#+4
   \   00000298   0x2308             MOVS     R3,#+8
   \   0000029A   0x2200             MOVS     R2,#+0
   \   0000029C   0xA903             ADD      R1,SP,#+12
   \   0000029E   0xA807             ADD      R0,SP,#+28
   \   000002A0   0x.... 0x....      BL       printk_mknumstr
   \   000002A4   0x0004             MOVS     R4,R0
   \   000002A6   0xE01F             B        ??printk_53
   \                     ??printk_30:
   \   000002A8   0x6838             LDR      R0,[R7, #+0]
   \   000002AA   0x9003             STR      R0,[SP, #+12]
   \   000002AC   0x1D3F             ADDS     R7,R7,#+4
   \   000002AE   0x2302             MOVS     R3,#+2
   \   000002B0   0x2200             MOVS     R2,#+0
   \   000002B2   0xA903             ADD      R1,SP,#+12
   \   000002B4   0xA807             ADD      R0,SP,#+28
   \   000002B6   0x.... 0x....      BL       printk_mknumstr
   \   000002BA   0x0004             MOVS     R4,R0
   \   000002BC   0xE014             B        ??printk_53
   \                     ??printk_35:
   \   000002BE   0x6838             LDR      R0,[R7, #+0]
   \   000002C0   0x9003             STR      R0,[SP, #+12]
   \   000002C2   0x1D3F             ADDS     R7,R7,#+4
   \   000002C4   0x2310             MOVS     R3,#+16
   \   000002C6   0x2200             MOVS     R2,#+0
   \   000002C8   0xA903             ADD      R1,SP,#+12
   \   000002CA   0xA807             ADD      R0,SP,#+28
   \   000002CC   0x.... 0x....      BL       printk_mknumstr
   \   000002D0   0x0004             MOVS     R4,R0
   \   000002D2   0xE009             B        ??printk_53
   \                     ??printk_37:
   \   000002D4   0x6838             LDR      R0,[R7, #+0]
   \   000002D6   0x9003             STR      R0,[SP, #+12]
   \   000002D8   0x1D3F             ADDS     R7,R7,#+4
   \   000002DA   0x230A             MOVS     R3,#+10
   \   000002DC   0x2200             MOVS     R2,#+0
   \   000002DE   0xA903             ADD      R1,SP,#+12
   \   000002E0   0xA807             ADD      R0,SP,#+28
   \   000002E2   0x.... 0x....      BL       printk_mknumstr
   \   000002E6   0x0004             MOVS     R4,R0
   \                     ??printk_53:
   \   000002E8   0xA807             ADD      R0,SP,#+28
   \   000002EA   0x1900             ADDS     R0,R0,R4
   \   000002EC   0x9005             STR      R0,[SP, #+20]
   \   000002EE   0x0728             LSLS     R0,R5,#+28
   \   000002F0   0xD507             BPL      ??printk_54
   \   000002F2   0x9B10             LDR      R3,[SP, #+64]
   \   000002F4   0x466A             MOV      R2,SP
   \   000002F6   0x9902             LDR      R1,[SP, #+8]
   \   000002F8   0x0020             MOVS     R0,R4
   \   000002FA   0x.... 0x....      BL       printk_pad_zero
   \   000002FE   0x9C02             LDR      R4,[SP, #+8]
   \   00000300   0xE011             B        ??printk_47
   \                     ??printk_54:
   \   00000302   0x07E8             LSLS     R0,R5,#+31
   \   00000304   0xD40F             BMI      ??printk_47
   \   00000306   0x9B10             LDR      R3,[SP, #+64]
   \   00000308   0x466A             MOV      R2,SP
   \   0000030A   0x9902             LDR      R1,[SP, #+8]
   \   0000030C   0x0020             MOVS     R0,R4
   \   0000030E   0x.... 0x....      BL       printk_pad_space
   \   00000312   0xE008             B        ??printk_47
   \                     ??printk_55:
   \   00000314   0x9A10             LDR      R2,[SP, #+64]
   \   00000316   0x4669             MOV      R1,SP
   \   00000318   0x9805             LDR      R0,[SP, #+20]
   \   0000031A   0x7800             LDRB     R0,[R0, #+0]
   \   0000031C   0x.... 0x....      BL       printk_putc
   \   00000320   0x9805             LDR      R0,[SP, #+20]
   \   00000322   0x1E40             SUBS     R0,R0,#+1
   \   00000324   0x9005             STR      R0,[SP, #+20]
   \                     ??printk_47:
   \   00000326   0x9805             LDR      R0,[SP, #+20]
   \   00000328   0x7800             LDRB     R0,[R0, #+0]
   \   0000032A   0x2800             CMP      R0,#+0
   \   0000032C   0xD1F2             BNE      ??printk_55
   \   0000032E   0x07E8             LSLS     R0,R5,#+31
   \   00000330   0xD505             BPL      ??printk_56
   \   00000332   0x9B10             LDR      R3,[SP, #+64]
   \   00000334   0x466A             MOV      R2,SP
   \   00000336   0x9902             LDR      R1,[SP, #+8]
   \   00000338   0x0020             MOVS     R0,R4
   \   0000033A   0x.... 0x....      BL       printk_pad_space
   \                     ??printk_56:
   \   0000033E   0xE66B             B        ??printk_2
   \                     ??printk_31:
   \   00000340   0x6838             LDR      R0,[R7, #+0]
   \   00000342   0xB2C0             UXTB     R0,R0
   \   00000344   0x1D3F             ADDS     R7,R7,#+4
   \   00000346   0x9A10             LDR      R2,[SP, #+64]
   \   00000348   0x4669             MOV      R1,SP
   \   0000034A   0x.... 0x....      BL       printk_putc
   \   0000034E   0xE663             B        ??printk_2
   \                     ??printk_36:
   \   00000350   0x6838             LDR      R0,[R7, #+0]
   \   00000352   0x9001             STR      R0,[SP, #+4]
   \   00000354   0x1D3F             ADDS     R7,R7,#+4
   \   00000356   0x9801             LDR      R0,[SP, #+4]
   \   00000358   0x2800             CMP      R0,#+0
   \   0000035A   0xD021             BEQ      ??printk_57
   \   0000035C   0x9801             LDR      R0,[SP, #+4]
   \   0000035E   0x.... 0x....      BL       strlen
   \   00000362   0x0004             MOVS     R4,R0
   \   00000364   0x07E8             LSLS     R0,R5,#+31
   \   00000366   0xD40F             BMI      ??printk_58
   \   00000368   0x9B10             LDR      R3,[SP, #+64]
   \   0000036A   0x466A             MOV      R2,SP
   \   0000036C   0x9902             LDR      R1,[SP, #+8]
   \   0000036E   0x0020             MOVS     R0,R4
   \   00000370   0x.... 0x....      BL       printk_pad_space
   \   00000374   0xE008             B        ??printk_58
   \                     ??printk_59:
   \   00000376   0x9A10             LDR      R2,[SP, #+64]
   \   00000378   0x4669             MOV      R1,SP
   \   0000037A   0x9801             LDR      R0,[SP, #+4]
   \   0000037C   0x7800             LDRB     R0,[R0, #+0]
   \   0000037E   0x.... 0x....      BL       printk_putc
   \   00000382   0x9801             LDR      R0,[SP, #+4]
   \   00000384   0x1C40             ADDS     R0,R0,#+1
   \   00000386   0x9001             STR      R0,[SP, #+4]
   \                     ??printk_58:
   \   00000388   0x9801             LDR      R0,[SP, #+4]
   \   0000038A   0x7800             LDRB     R0,[R0, #+0]
   \   0000038C   0x2800             CMP      R0,#+0
   \   0000038E   0xD1F2             BNE      ??printk_59
   \   00000390   0x07E8             LSLS     R0,R5,#+31
   \   00000392   0xD505             BPL      ??printk_57
   \   00000394   0x9B10             LDR      R3,[SP, #+64]
   \   00000396   0x466A             MOV      R2,SP
   \   00000398   0x9902             LDR      R1,[SP, #+8]
   \   0000039A   0x0020             MOVS     R0,R4
   \   0000039C   0x.... 0x....      BL       printk_pad_space
   \                     ??printk_57:
   \   000003A0   0xE63A             B        ??printk_2
   \                     ??printk_33:
   \   000003A2   0x6838             LDR      R0,[R7, #+0]
   \   000003A4   0x1D3F             ADDS     R7,R7,#+4
   \   000003A6   0x9900             LDR      R1,[SP, #+0]
   \   000003A8   0x6001             STR      R1,[R0, #+0]
   \   000003AA   0xE635             B        ??printk_2
    565                  }
    566              }
    567              return count;
   \                     ??printk_3:
   \   000003AC   0x9800             LDR      R0,[SP, #+0]
   \   000003AE   0xB011             ADD      SP,SP,#+68
   \   000003B0   0xBDF0             POP      {R4-R7,PC}       ;; return
    568          }
    569          
    570          /********************************************************************/

   \                                 In section .text, align 2, keep-with-next
    571          int
    572          printf (const char *fmt, ...)
    573          {
   \                     printf:
   \   00000000   0xB40E             PUSH     {R1-R3}
   \   00000002   0xB500             PUSH     {LR}
   \   00000004   0xB084             SUB      SP,SP,#+16
    574              va_list ap;
    575              int rvalue;
    576              PRINTK_INFO info;
    577          
    578          
    579              info.dest = DEST_CONSOLE;
   \   00000006   0x2101             MOVS     R1,#+1
   \   00000008   0x9100             STR      R1,[SP, #+0]
    580              info.func = &out_char;
   \   0000000A   0x....             LDR      R1,??DataTable0
   \   0000000C   0x9101             STR      R1,[SP, #+4]
    581              /*
    582               * Initialize the pointer to the variable length argument list.
    583               */
    584              va_start(ap, fmt);
   \   0000000E   0xAA05             ADD      R2,SP,#+20
    585              rvalue = printk(&info, fmt, ap);
   \   00000010   0x0001             MOVS     R1,R0
   \   00000012   0x4668             MOV      R0,SP
   \   00000014   0x.... 0x....      BL       printk
    586              /*
    587               * Cleanup the variable length argument list.
    588               */
    589              va_end(ap);
    590              return rvalue;
   \   00000018   0x9904             LDR      R1,[SP, #+16]
   \   0000001A   0xB008             ADD      SP,SP,#+32
   \   0000001C   0x4708             BX       R1               ;; return
    591          }
    592          
    593          /********************************************************************/

   \                                 In section .text, align 2, keep-with-next
    594          int
    595          sprintf (char *s, const char *fmt, ...)
    596          {
   \                     sprintf:
   \   00000000   0xB40C             PUSH     {R2,R3}
   \   00000002   0xB5E0             PUSH     {R5-R7,LR}
   \   00000004   0x0002             MOVS     R2,R0
    597              va_list ap;
    598              int rvalue = 0;
   \   00000006   0x2000             MOVS     R0,#+0
    599              PRINTK_INFO info;
    600          
    601              /*
    602               * Initialize the pointer to the variable length argument list.
    603               */
    604              if (s != 0)
   \   00000008   0x2A00             CMP      R2,#+0
   \   0000000A   0xD009             BEQ      ??sprintf_0
    605              {
    606                  info.dest = DEST_STRING;
   \   0000000C   0x2002             MOVS     R0,#+2
   \   0000000E   0x9000             STR      R0,[SP, #+0]
    607                  info.loc = s;
   \   00000010   0x9202             STR      R2,[SP, #+8]
    608                  va_start(ap, fmt);
   \   00000012   0xAA04             ADD      R2,SP,#+16
    609                  rvalue = printk(&info, fmt, ap);
   \   00000014   0x4668             MOV      R0,SP
   \   00000016   0x.... 0x....      BL       printk
    610                  *info.loc = '\0';
   \   0000001A   0x9902             LDR      R1,[SP, #+8]
   \   0000001C   0x2200             MOVS     R2,#+0
   \   0000001E   0x700A             STRB     R2,[R1, #+0]
    611                  va_end(ap);
    612              }
    613              return rvalue;
   \                     ??sprintf_0:
   \   00000020   0x9903             LDR      R1,[SP, #+12]
   \   00000022   0xB006             ADD      SP,SP,#+24
   \   00000024   0x4708             BX       R1               ;; return
    614          }

   \                                 In section .text, align 4, keep-with-next
   \                     ??DataTable0:
   \   00000000   0x........         DC32     out_char
    615          
    616          /********************************************************************/

   Maximum stack usage in bytes:

   .cstack Function
   ------- --------
       32  printf
             32 -> printk
       88  printk
             88 -> printk_mknumstr
             88 -> printk_pad_space
             88 -> printk_pad_zero
             88 -> printk_putc
             88 -> strlen
       20  printk_mknumstr
             20 -> __aeabi_idiv
             20 -> __aeabi_uidiv
       24  printk_pad_space
             24 -> printk_putc
       24  printk_pad_zero
             24 -> printk_putc
        8  printk_putc
              8 -- Indirect call
       24  sprintf
             24 -> printk


   Section sizes:

   Bytes  Function/Label
   -----  --------------
       4  ??DataTable0
      30  printf
     946  printk
     126  printk_mknumstr
      30  printk_pad_space
      30  printk_pad_zero
      44  printk_putc
      38  sprintf

 
 1 248 bytes in section .text
 
 1 248 bytes of CODE memory

Errors: none
Warnings: none
