###############################################################################
#                                                                             #
# IAR ANSI C/C++ Compiler V6.50.3.4676/W32 for ARM      15/Jul/2015  14:11:13 #
# Copyright 1999-2013 IAR Systems AB.                                         #
#                                                                             #
#    Cpu mode     =  thumb                                                    #
#    Endian       =  little                                                   #
#    Source file  =  C:\Users\User\Desktop\freescale\source\demo_i2s\src\hal\ #
#                    hal_int.c                                                #
#    Command line =  C:\Users\User\Desktop\freescale\source\demo_i2s\src\hal\ #
#                    hal_int.c -lCN C:\Users\User\Desktop\freescale\source\De #
#                    bug\List\ -o C:\Users\User\Desktop\freescale\source\Debu #
#                    g\Obj\ --no_cse --no_unroll --no_inline                  #
#                    --no_code_motion --no_tbaa --no_clustering               #
#                    --no_scheduling --debug --endian=little --cpu=Cortex-M4  #
#                    -e --char_is_signed --fpu=None --dlib_config             #
#                    "C:\Program Files\IAR Systems\Embedded Workbench         #
#                    6.5\arm\INC\c\DLib_Config_Normal.h" -I                   #
#                    D:\work\prj\g_demo_k\demo_k\src\include\ -On             #
#    List file    =  C:\Users\User\Desktop\freescale\source\Debug\List\hal_in #
#                    t.lst                                                    #
#    Object file  =  C:\Users\User\Desktop\freescale\source\Debug\Obj\hal_int #
#                    .o                                                       #
#                                                                             #
#                                                                             #
###############################################################################

C:\Users\User\Desktop\freescale\source\demo_i2s\src\hal\hal_int.c
      1          
      2          
      3          #include "..\\include\\global.h"
      4          #include "..\\include\\MKxxx.h"
      5          #include "..\\include\\hal_config.h"
      6          #include "..\\include\\hal_watchdog.h"
      7          #include "..\\include\\hal_dma.h"
      8          #include "..\\include\\hal_enet.h"
      9          
     10          
     11          
     12          
     13          

   \                                 In section .text, align 4, keep-with-next
     14          void hal_int_enable(void)
     15          {
     16              asm(" CPSIE i");
   \                     hal_int_enable:
   \   00000000   0xB662             CPSIE i
     17          }
   \   00000002   0x4770             BX       LR               ;; return

   \                                 In section .text, align 4, keep-with-next
     18          void hal_int_disable(void)
     19          {
     20              asm(" CPSID i");
   \                     hal_int_disable:
   \   00000000   0xB672             CPSID i
     21          }
   \   00000002   0x4770             BX       LR               ;; return

   \                                 In section .text, align 2, keep-with-next
     22          void hal_relocation(void)
     23          {
     24              #define R_VTOR *(volatile uint*)0xE000ED08
     25              R_VTOR = VEC_RELOAD;
   \                     hal_relocation:
   \   00000000   0x....             LDR.N    R0,??DataTable1  ;; 0xe000ed08
   \   00000002   0x....             LDR.N    R1,??DataTable1_1  ;; 0x1fff0000
   \   00000004   0x6001             STR      R1,[R0, #+0]
     26              #undef R_VTOR
     27          }
   \   00000006   0x4770             BX       LR               ;; return

   \                                 In section .text, align 2, keep-with-next
     28          void hal_isr_register(uint isr_no, FUNC_VOID func)
     29          {
     30              
     31          }
   \                     hal_isr_register:
   \   00000000   0x4770             BX       LR               ;; return
     32          
     33          void __iar_program_start(void);
     34          

   \                                 In section .text, align 2, keep-with-next
     35          void entry(void)
     36          {
   \                     entry:
   \   00000000   0xB580             PUSH     {R7,LR}
     37              hal_int_disable();
   \   00000002   0x.... 0x....      BL       hal_int_disable
     38              hal_watchdog_close();
   \   00000006   0x.... 0x....      BL       hal_watchdog_close
     39              __iar_program_start();
   \   0000000A   0x.... 0x....      BL       __iar_program_start
     40              while(1)
   \                     ??entry_0:
   \   0000000E   0xE7FE             B.N      ??entry_0
     41                  ;
     42          }

   \                                 In section .text, align 4, keep-with-next
     43          static uint _get_int_num(void)
     44          {
     45              int r = 0;
   \                     _get_int_num:
   \   00000000   0x2000             MOVS     R0,#+0
     46              asm(" mrs r0, psr");
   \   00000002   0xF3EF 0x8003      mrs r0, psr
     47              r &= 0x1ff;
   \   00000006   0x05C0             LSLS     R0,R0,#+23       ;; ZeroExtS R0,R0,#+23,#+23
   \   00000008   0x0DC0             LSRS     R0,R0,#+23
     48              return r;
   \   0000000A   0x4770             BX       LR               ;; return
     49          }

   \                                 In section .text, align 2, keep-with-next
     50          void isr_default(void)
     51          {
   \                     isr_default:
   \   00000000   0xB580             PUSH     {R7,LR}
     52              printf("isr_default,%d\n",_get_int_num());
   \   00000002   0x.... 0x....      BL       _get_int_num
   \   00000006   0x0001             MOVS     R1,R0
   \   00000008   0x....             LDR.N    R0,??DataTable1_2
   \   0000000A   0x.... 0x....      BL       q_printf
     53          }
   \   0000000E   0xBD01             POP      {R0,PC}          ;; return

   \                                 In section .text, align 2, keep-with-next
     54          void isr_dma0(void)
     55          {
   \                     isr_dma0:
   \   00000000   0xB580             PUSH     {R7,LR}
     56              //static int i= 0;
     57              void app_isr_dma0(void);
     58              app_isr_dma0();
   \   00000002   0x.... 0x....      BL       app_isr_dma0
     59              hal_dma_clear_int(0);
   \   00000006   0x2000             MOVS     R0,#+0
   \   00000008   0x.... 0x....      BL       hal_dma_clear_int
     60              //printf("isr_dma0,%d\n", i++);
     61          }
   \   0000000C   0xBD01             POP      {R0,PC}          ;; return
     62          
     63          #pragma location = ".intvec"

   \                                 In section .intvec, align 4
     64          const FUNC_VOID __vector_table[256+4] =
   \                     __vector_table:
   \   00000000   0x20003FFC         DC32 20003FFCH, entry, isr_default, isr_default, isr_default
   \              0x........   
   \              0x........   
   \              0x........   
   \              0x........   
   \   00000014   0x........         DC32 isr_default, isr_default, isr_default, isr_default, isr_default
   \              0x........   
   \              0x........   
   \              0x........   
   \              0x........   
   \   00000028   0x........         DC32 isr_default, isr_default, isr_default, isr_default, isr_default
   \              0x........   
   \              0x........   
   \              0x........   
   \              0x........   
   \   0000003C   0x........         DC32 isr_default, isr_dma0, isr_default, isr_default, isr_default
   \              0x........   
   \              0x........   
   \              0x........   
   \              0x........   
   \   00000050   0x........         DC32 isr_default, isr_default, isr_default, isr_default, isr_default
   \              0x........   
   \              0x........   
   \              0x........   
   \              0x........   
   \   00000064   0x........         DC32 isr_default, isr_default, isr_default, isr_default, isr_default
   \              0x........   
   \              0x........   
   \              0x........   
   \              0x........   
   \   00000078   0x........         DC32 isr_default, isr_default, isr_default, isr_default, isr_default
   \              0x........   
   \              0x........   
   \              0x........   
   \              0x........   
   \   0000008C   0x........         DC32 isr_default, isr_default, isr_default, isr_default, isr_default
   \              0x........   
   \              0x........   
   \              0x........   
   \              0x........   
   \   000000A0   0x........         DC32 isr_default, isr_default, isr_default, isr_default, isr_default
   \              0x........   
   \              0x........   
   \              0x........   
   \              0x........   
   \   000000B4   0x........         DC32 isr_default, isr_default, isr_default, isr_default, isr_default
   \              0x........   
   \              0x........   
   \              0x........   
   \              0x........   
   \   000000C8   0x........         DC32 isr_default, isr_default, isr_default, isr_default, isr_default
   \              0x........   
   \              0x........   
   \              0x........   
   \              0x........   
   \   000000DC   0x........         DC32 isr_default, isr_default, isr_default, isr_default, isr_default
   \              0x........   
   \              0x........   
   \              0x........   
   \              0x........   
   \   000000F0   0x........         DC32 isr_default, isr_default, isr_default, isr_default, isr_default
   \              0x........   
   \              0x........   
   \              0x........   
   \              0x........   
   \   00000104   0x........         DC32 isr_default, isr_default, isr_default, isr_default, isr_default
   \              0x........   
   \              0x........   
   \              0x........   
   \              0x........   
   \   00000118   0x........         DC32 isr_default, isr_default, isr_default, isr_default, isr_default
   \              0x........   
   \              0x........   
   \              0x........   
   \              0x........   
   \   0000012C   0x........         DC32 isr_default, isr_default, isr_default, isr_default, isr_default
   \              0x........   
   \              0x........   
   \              0x........   
   \              0x........   
   \   00000140   0x........         DC32 isr_default, isr_default, isr_default, isr_default, isr_default
   \              0x........   
   \              0x........   
   \              0x........   
   \              0x........   
   \   00000154   0x........         DC32 isr_default, isr_default, isr_default, isr_default, isr_default
   \              0x........   
   \              0x........   
   \              0x........   
   \              0x........   
   \   00000168   0x........         DC32 isr_default, isr_default, isr_default, isr_default, isr_default
   \              0x........   
   \              0x........   
   \              0x........   
   \              0x........   
   \   0000017C   0x........         DC32 isr_default, isr_default, isr_default, isr_default, isr_default
   \              0x........   
   \              0x........   
   \              0x........   
   \              0x........   
   \   00000190   0x........         DC32 isr_default, isr_default, isr_default, isr_default, isr_default
   \              0x........   
   \              0x........   
   \              0x........   
   \              0x........   
   \   000001A4   0x........         DC32 isr_default, isr_default, isr_default, isr_default, isr_default
   \              0x........   
   \              0x........   
   \              0x........   
   \              0x........   
   \   000001B8   0x........         DC32 isr_default, isr_default, isr_default, isr_default, isr_default
   \              0x........   
   \              0x........   
   \              0x........   
   \              0x........   
   \   000001CC   0x........         DC32 isr_default, isr_default, isr_default, isr_default, isr_default
   \              0x........   
   \              0x........   
   \              0x........   
   \              0x........   
   \   000001E0   0x........         DC32 isr_default, isr_default, isr_default, isr_default, isr_default
   \              0x........   
   \              0x........   
   \              0x........   
   \              0x........   
   \   000001F4   0x........         DC32 isr_default, isr_default, isr_default, isr_default, isr_default
   \              0x........   
   \              0x........   
   \              0x........   
   \              0x........   
   \   00000208   0x........         DC32 isr_default, isr_default, isr_default, isr_default, isr_default
   \              0x........   
   \              0x........   
   \              0x........   
   \              0x........   
   \   0000021C   0x........         DC32 isr_default, isr_default, isr_default, isr_default, isr_default
   \              0x........   
   \              0x........   
   \              0x........   
   \              0x........   
   \   00000230   0x........         DC32 isr_default, isr_default, isr_default, isr_default, isr_default
   \              0x........   
   \              0x........   
   \              0x........   
   \              0x........   
   \   00000244   0x........         DC32 isr_default, isr_default, isr_default, isr_default, isr_default
   \              0x........   
   \              0x........   
   \              0x........   
   \              0x........   
   \   00000258   0x........         DC32 isr_default, isr_default, isr_default, isr_default, isr_default
   \              0x........   
   \              0x........   
   \              0x........   
   \              0x........   
   \   0000026C   0x........         DC32 isr_default, isr_default, isr_default, isr_default, isr_default
   \              0x........   
   \              0x........   
   \              0x........   
   \              0x........   
   \   00000280   0x........         DC32 isr_default, isr_default, isr_default, isr_default, isr_default
   \              0x........   
   \              0x........   
   \              0x........   
   \              0x........   
   \   00000294   0x........         DC32 isr_default, isr_default, isr_default, isr_default, isr_default
   \              0x........   
   \              0x........   
   \              0x........   
   \              0x........   
   \   000002A8   0x........         DC32 isr_default, isr_default, isr_default, isr_default, isr_default
   \              0x........   
   \              0x........   
   \              0x........   
   \              0x........   
   \   000002BC   0x........         DC32 isr_default, isr_default, isr_default, isr_default, isr_default
   \              0x........   
   \              0x........   
   \              0x........   
   \              0x........   
   \   000002D0   0x........         DC32 isr_default, isr_default, isr_default, isr_default, isr_default
   \              0x........   
   \              0x........   
   \              0x........   
   \              0x........   
   \   000002E4   0x........         DC32 isr_default, isr_default, isr_default, isr_default, isr_default
   \              0x........   
   \              0x........   
   \              0x........   
   \              0x........   
   \   000002F8   0x........         DC32 isr_default, isr_default, isr_default, isr_default, isr_default
   \              0x........   
   \              0x........   
   \              0x........   
   \              0x........   
   \   0000030C   0x........         DC32 isr_default, isr_default, isr_default, isr_default, isr_default
   \              0x........   
   \              0x........   
   \              0x........   
   \              0x........   
   \   00000320   0x........         DC32 isr_default, isr_default, isr_default, isr_default, isr_default
   \              0x........   
   \              0x........   
   \              0x........   
   \              0x........   
   \   00000334   0x........         DC32 isr_default, isr_default, isr_default, isr_default, isr_default
   \              0x........   
   \              0x........   
   \              0x........   
   \              0x........   
   \   00000348   0x........         DC32 isr_default, isr_default, isr_default, isr_default, isr_default
   \              0x........   
   \              0x........   
   \              0x........   
   \              0x........   
   \   0000035C   0x........         DC32 isr_default, isr_default, isr_default, isr_default, isr_default
   \              0x........   
   \              0x........   
   \              0x........   
   \              0x........   
   \   00000370   0x........         DC32 isr_default, isr_default, isr_default, isr_default, isr_default
   \              0x........   
   \              0x........   
   \              0x........   
   \              0x........   
   \   00000384   0x........         DC32 isr_default, isr_default, isr_default, isr_default, isr_default
   \              0x........   
   \              0x........   
   \              0x........   
   \              0x........   
   \   00000398   0x........         DC32 isr_default, isr_default, isr_default, isr_default, isr_default
   \              0x........   
   \              0x........   
   \              0x........   
   \              0x........   
   \   000003AC   0x........         DC32 isr_default, isr_default, isr_default, isr_default, isr_default
   \              0x........   
   \              0x........   
   \              0x........   
   \              0x........   
   \   000003C0   0x........         DC32 isr_default, isr_default, isr_default, isr_default, isr_default
   \              0x........   
   \              0x........   
   \              0x........   
   \              0x........   
   \   000003D4   0x........         DC32 isr_default, isr_default, isr_default, isr_default, isr_default
   \              0x........   
   \              0x........   
   \              0x........   
   \              0x........   
   \   000003E8   0x........         DC32 isr_default, isr_default, isr_default, isr_default, isr_default
   \              0x........   
   \              0x........   
   \              0x........   
   \              0x........   
   \   000003FC   0x........         DC32 isr_default, 0FFFFFFFFH, 0FFFFFFFFH, 0FFFFFFFFH, 0FFFFFFFEH
   \              0xFFFFFFFF   
   \              0xFFFFFFFF   
   \              0xFFFFFFFF   
   \              0xFFFFFFFE   

   \                                 In section .text, align 4, keep-with-next
   \                     ??DataTable1:
   \   00000000   0xE000ED08         DC32     0xe000ed08

   \                                 In section .text, align 4, keep-with-next
   \                     ??DataTable1_1:
   \   00000000   0x1FFF0000         DC32     0x1fff0000

   \                                 In section .text, align 4, keep-with-next
   \                     ??DataTable1_2:
   \   00000000   0x........         DC32     `?<Constant "isr_default,%d\\n">`

   \                                 In section .rodata, align 4
   \                     `?<Constant "isr_default,%d\\n">`:
   \   00000000   0x69 0x73          DC8 "isr_default,%d\012"
   \              0x72 0x5F    
   \              0x64 0x65    
   \              0x66 0x61    
   \              0x75 0x6C    
   \              0x74 0x2C    
   \              0x25 0x64    
   \              0x0A 0x00    
     65          {
     66              (FUNC_VOID)0x20003ffc,      // 0 sp
     67              entry,                      // 1 pc entry
     68              isr_default,                // 2
     69              isr_default,                // 3
     70              isr_default,                // 4
     71              isr_default,                // 5
     72              isr_default,                // 6
     73              isr_default,                // 7
     74              isr_default,                // 8
     75              isr_default,                // 9
     76              isr_default,                // 10
     77              isr_default,                // 11
     78              isr_default,                // 12
     79              isr_default,                // 13
     80              isr_default,                // 14
     81              isr_default,                // 15
     82              isr_dma0,                   // 16(irq 0)
     83              isr_default,                // 17(irq 1)
     84              isr_default,                // 18(irq 2)
     85              isr_default,                // 19(irq 3)
     86              isr_default,                // 20(irq 4)
     87              isr_default,                // 21(irq 5)
     88              isr_default,                // 22(irq 6)
     89              isr_default,                // 23(irq 7)
     90              isr_default,                // 24(irq 8)
     91              isr_default,                // 25(irq 9)
     92              isr_default,                // 26(irq 10)
     93              isr_default,                // 27(irq 11)
     94              isr_default,                // 28(irq 12)
     95              isr_default,                // 29(irq 13)
     96              isr_default,                // 30(irq 14)
     97              isr_default,                // 31(irq 15)
     98              isr_default,                // 32(irq 16)
     99              isr_default,                // 33(irq 17)
    100              isr_default,                // 34(irq 18)
    101              isr_default,                // 35(irq 19)
    102              isr_default,                // 36(irq 20)
    103              isr_default,                // 37(irq 21)
    104              isr_default,                // 38(irq 22)
    105              isr_default,                // 39(irq 23)
    106              isr_default,                // 40(irq 24)
    107              isr_default,                // 41(irq 25)
    108              isr_default,                // 42(irq 26)
    109              isr_default,                // 43(irq 27)
    110              isr_default,                // 44(irq 28)
    111              isr_default,                // 45(irq 29)
    112              isr_default,                // 46(irq 30)
    113              isr_default,                // 47(irq 31)
    114              isr_default,                // 48(irq 32)
    115              isr_default,                // 49(irq 33)
    116              isr_default,                // 50(irq 34)
    117              isr_default,                // 51(irq 35)
    118              isr_default,                // 52(irq 36)
    119              isr_default,                // 53(irq 37)
    120              isr_default,                // 54(irq 38)
    121              isr_default,                // 55(irq 39)
    122              isr_default,                // 56(irq 40)
    123              isr_default,                // 57(irq 41)
    124              isr_default,                // 58(irq 42)
    125              isr_default,                // 59(irq 43)
    126              isr_default,                // 60(irq 44)
    127              isr_default,                // 61(irq 45)
    128              isr_default,                // 62(irq 46)
    129              isr_default,                // 63(irq 47)
    130              isr_default,                // 64(irq 48)
    131              isr_default,                // 65(irq 49)
    132              isr_default,                // 66(irq 50)
    133              isr_default,                // 67(irq 51)
    134              isr_default,                // 68(irq 52)
    135              isr_default,                // 69(irq 53)
    136              isr_default,                // 70(irq 54)
    137              isr_default,                // 71(irq 55)
    138              isr_default,                // 72(irq 56)
    139              isr_default,                // 73(irq 57)
    140              isr_default,                // 74(irq 58)
    141              isr_default,                // 75(irq 59)
    142              isr_default,                // 76(irq 60)
    143              isr_default,                // 77(irq 61)
    144              isr_default,                // 78(irq 62)
    145              isr_default,                // 79(irq 63)
    146              isr_default,                // 80(irq 64)
    147              isr_default,                // 81(irq 65)
    148              isr_default,                // 82(irq 66)
    149              isr_default,                // 83(irq 67)
    150              isr_default,                // 84(irq 68)
    151              isr_default,                // 85(irq 69)
    152              isr_default,                // 86(irq 70)
    153              isr_default,                // 87(irq 71)
    154              isr_default,                // 88(irq 72)
    155              isr_default,                // 89(irq 73)
    156              isr_default,                // 90(irq 74)
    157              isr_default,                // 91(irq 75)
    158              isr_default,                // 92(irq 76)
    159              isr_default,                // 93(irq 77)
    160              isr_default,                // 94(irq 78)
    161              isr_default,                // 95(irq 79)
    162              isr_default,                // 96(irq 80)
    163              isr_default,                // 97(irq 81)
    164              isr_default,                // 98(irq 82)
    165              isr_default,                // 99(irq 83)
    166              isr_default,                // 100(irq 84)
    167              isr_default,                // 101(irq 85)
    168              isr_default,                // 102(irq 86)
    169              isr_default,                // 103(irq 87)
    170              isr_default,                // 104(irq 88)
    171              isr_default,                // 105(irq 89)
    172              isr_default,                // 106(irq 90)
    173              isr_default,                // 107(irq 91)
    174              isr_default,                // 108(irq 92)
    175              isr_default,                // 109(irq 93)
    176              isr_default,                // 110(irq 94)
    177              isr_default,                // 111(irq 95)
    178              isr_default,                // 112(irq 96)
    179              isr_default,                // 113(irq 97)
    180              isr_default,                // 114(irq 98)
    181              isr_default,                // 115(irq 99)
    182              isr_default,                // 116(irq 100)
    183              isr_default,                // 117(irq 101)
    184              isr_default,                // 118(irq 102)
    185              isr_default,                // 119(irq 103)
    186              isr_default,                // 120(irq 104)
    187              isr_default,                // 121(irq 105)
    188              isr_default,                // 122(irq 106)
    189              isr_default,                // 123(irq 107)
    190              isr_default,                // 124(irq 108)
    191              isr_default,                // 125(irq 109)
    192              isr_default,                // 126(irq 110)
    193              isr_default,                // 127(irq 111)
    194              isr_default,                // 128(irq 112)
    195              isr_default,                // 129(irq 113)
    196              isr_default,                // 130(irq 114)
    197              isr_default,                // 131(irq 115)
    198              isr_default,                // 132(irq 116)
    199              isr_default,                // 133(irq 117)
    200              isr_default,                // 134(irq 118)
    201              isr_default,                // 135(irq 119)
    202              isr_default,                // 136(irq 120)
    203              isr_default,                // 137(irq 121)
    204              isr_default,                // 138(irq 122)
    205              isr_default,                // 139(irq 123)
    206              isr_default,                // 140(irq 124)
    207              isr_default,                // 141(irq 125)
    208              isr_default,                // 142(irq 126)
    209              isr_default,                // 143(irq 127)
    210              isr_default,                // 144(irq 128)
    211              isr_default,                // 145(irq 129)
    212              isr_default,                // 146(irq 130)
    213              isr_default,                // 147(irq 131)
    214              isr_default,                // 148(irq 132)
    215              isr_default,                // 149(irq 133)
    216              isr_default,                // 150(irq 134)
    217              isr_default,                // 151(irq 135)
    218              isr_default,                // 152(irq 136)
    219              isr_default,                // 153(irq 137)
    220              isr_default,                // 154(irq 138)
    221              isr_default,                // 155(irq 139)
    222              isr_default,                // 156(irq 140)
    223              isr_default,                // 157(irq 141)
    224              isr_default,                // 158(irq 142)
    225              isr_default,                // 159(irq 143)
    226              isr_default,                // 160(irq 144)
    227              isr_default,                // 161(irq 145)
    228              isr_default,                // 162(irq 146)
    229              isr_default,                // 163(irq 147)
    230              isr_default,                // 164(irq 148)
    231              isr_default,                // 165(irq 149)
    232              isr_default,                // 166(irq 150)
    233              isr_default,                // 167(irq 151)
    234              isr_default,                // 168(irq 152)
    235              isr_default,                // 169(irq 153)
    236              isr_default,                // 170(irq 154)
    237              isr_default,                // 171(irq 155)
    238              isr_default,                // 172(irq 156)
    239              isr_default,                // 173(irq 157)
    240              isr_default,                // 174(irq 158)
    241              isr_default,                // 175(irq 159)
    242              isr_default,                // 176(irq 160)
    243              isr_default,                // 177(irq 161)
    244              isr_default,                // 178(irq 162)
    245              isr_default,                // 179(irq 163)
    246              isr_default,                // 180(irq 164)
    247              isr_default,                // 181(irq 165)
    248              isr_default,                // 182(irq 166)
    249              isr_default,                // 183(irq 167)
    250              isr_default,                // 184(irq 168)
    251              isr_default,                // 185(irq 169)
    252              isr_default,                // 186(irq 170)
    253              isr_default,                // 187(irq 171)
    254              isr_default,                // 188(irq 172)
    255              isr_default,                // 189(irq 173)
    256              isr_default,                // 190(irq 174)
    257              isr_default,                // 191(irq 175)
    258              isr_default,                // 192(irq 176)
    259              isr_default,                // 193(irq 177)
    260              isr_default,                // 194(irq 178)
    261              isr_default,                // 195(irq 179)
    262              isr_default,                // 196(irq 180)
    263              isr_default,                // 197(irq 181)
    264              isr_default,                // 198(irq 182)
    265              isr_default,                // 199(irq 183)
    266              isr_default,                // 200(irq 184)
    267              isr_default,                // 201(irq 185)
    268              isr_default,                // 202(irq 186)
    269              isr_default,                // 203(irq 187)
    270              isr_default,                // 204(irq 188)
    271              isr_default,                // 205(irq 189)
    272              isr_default,                // 206(irq 190)
    273              isr_default,                // 207(irq 191)
    274              isr_default,                // 208(irq 192)
    275              isr_default,                // 209(irq 193)
    276              isr_default,                // 210(irq 194)
    277              isr_default,                // 211(irq 195)
    278              isr_default,                // 212(irq 196)
    279              isr_default,                // 213(irq 197)
    280              isr_default,                // 214(irq 198)
    281              isr_default,                // 215(irq 199)
    282              isr_default,                // 216(irq 200)
    283              isr_default,                // 217(irq 201)
    284              isr_default,                // 218(irq 202)
    285              isr_default,                // 219(irq 203)
    286              isr_default,                // 220(irq 204)
    287              isr_default,                // 221(irq 205)
    288              isr_default,                // 222(irq 206)
    289              isr_default,                // 223(irq 207)
    290              isr_default,                // 224(irq 208)
    291              isr_default,                // 225(irq 209)
    292              isr_default,                // 226(irq 210)
    293              isr_default,                // 227(irq 211)
    294              isr_default,                // 228(irq 212)
    295              isr_default,                // 229(irq 213)
    296              isr_default,                // 230(irq 214)
    297              isr_default,                // 231(irq 215)
    298              isr_default,                // 232(irq 216)
    299              isr_default,                // 233(irq 217)
    300              isr_default,                // 234(irq 218)
    301              isr_default,                // 235(irq 219)
    302              isr_default,                // 236(irq 220)
    303              isr_default,                // 237(irq 221)
    304              isr_default,                // 238(irq 222)
    305              isr_default,                // 239(irq 223)
    306              isr_default,                // 240(irq 224)
    307              isr_default,                // 241(irq 225)
    308              isr_default,                // 242(irq 226)
    309              isr_default,                // 243(irq 227)
    310              isr_default,                // 244(irq 228)
    311              isr_default,                // 245(irq 229)
    312              isr_default,                // 246(irq 230)
    313              isr_default,                // 247(irq 231)
    314              isr_default,                // 248(irq 232)
    315              isr_default,                // 249(irq 233)
    316              isr_default,                // 250(irq 234)
    317              isr_default,                // 251(irq 235)
    318              isr_default,                // 252(irq 236)
    319              isr_default,                // 253(irq 237)
    320              isr_default,                // 254(irq 238)
    321              isr_default,                // 255(irq 239)
    322              (FUNC_VOID)0xffffffff,
    323              (FUNC_VOID)0xffffffff,
    324              (FUNC_VOID)0xffffffff,
    325              (FUNC_VOID)0xfffffffe
    326          };
    327          
    328          
    329          

   Maximum stack usage in bytes:

   .cstack Function
   ------- --------
       0   _get_int_num
       8   entry
         8   -> __iar_program_start
         8   -> hal_int_disable
         8   -> hal_watchdog_close
       0   hal_int_disable
       0   hal_int_enable
       0   hal_isr_register
       0   hal_relocation
       8   isr_default
         8   -> _get_int_num
         8   -> q_printf
       8   isr_dma0
         8   -> app_isr_dma0
         8   -> hal_dma_clear_int


   Section sizes:

   Bytes  Function/Label
   -----  --------------
      16  ?<Constant "isr_default,%d\n">
       4  ??DataTable1
       4  ??DataTable1_1
       4  ??DataTable1_2
    1040  __vector_table
      12  _get_int_num
      16  entry
       4  hal_int_disable
       4  hal_int_enable
       2  hal_isr_register
       8  hal_relocation
      16  isr_default
      14  isr_dma0

 
 1 040 bytes in section .intvec
    16 bytes in section .rodata
    88 bytes in section .text
 
    88 bytes of CODE  memory
 1 056 bytes of CONST memory

Errors: none
Warnings: none
